f:\facultate\sem 2\oop\lablab6\lab6\lab6\debug\vc141.pdb
f:\facultate\sem 2\oop\lablab6\lab6\lab6\debug\vc141.idb
f:\facultate\sem 2\oop\lablab6\lab6\lab6\debug\teste.nativecodeanalysis.xml
f:\facultate\sem 2\oop\lablab6\lab6\lab6\debug\ui.nativecodeanalysis.xml
f:\facultate\sem 2\oop\lablab6\lab6\lab6\debug\produs.nativecodeanalysis.xml
f:\facultate\sem 2\oop\lablab6\lab6\lab6\debug\repository.nativecodeanalysis.xml
f:\facultate\sem 2\oop\lablab6\lab6\lab6\debug\service.nativecodeanalysis.xml
f:\facultate\sem 2\oop\lablab6\lab6\lab6\debug\service.obj
f:\facultate\sem 2\oop\lablab6\lab6\lab6\debug\repository.obj
f:\facultate\sem 2\oop\lablab6\lab6\lab6\debug\produs.obj
f:\facultate\sem 2\oop\lablab6\lab6\lab6\debug\ui.obj
f:\facultate\sem 2\oop\lablab6\lab6\lab6\debug\teste.obj
f:\facultate\sem 2\oop\lablab6\lab6\debug\lab6.pdb
f:\facultate\sem 2\oop\lablab6\lab6\lab6\debug\lab6.tlog\cl.command.1.tlog
f:\facultate\sem 2\oop\lablab6\lab6\lab6\debug\lab6.tlog\cl.read.1.tlog
f:\facultate\sem 2\oop\lablab6\lab6\lab6\debug\lab6.tlog\cl.write.1.tlog
f:\facultate\sem 2\oop\lablab6\lab6\lab6\debug\lab6.tlog\link-cvtres.read.1.tlog
f:\facultate\sem 2\oop\lablab6\lab6\lab6\debug\lab6.tlog\link-cvtres.write.1.tlog
f:\facultate\sem 2\oop\lablab6\lab6\lab6\debug\lab6.tlog\link-rc.read.1.tlog
f:\facultate\sem 2\oop\lablab6\lab6\lab6\debug\lab6.tlog\link-rc.write.1.tlog
f:\facultate\sem 2\oop\lablab6\lab6\lab6\debug\lab6.tlog\link.command.1.tlog
f:\facultate\sem 2\oop\lablab6\lab6\lab6\debug\lab6.tlog\link.read.1.tlog
f:\facultate\sem 2\oop\lablab6\lab6\lab6\debug\lab6.tlog\link.write.1.tlog
