[2018-04-24 12:01:44] [info] Start Program:
Path:"F:\FACULTATE\SEM 2\OOP\lablab6\Lab6\Debug\Lab6.exe"
Arguments:
Working directory: "F:\FACULTATE\SEM 2\OOP\lablab6\Lab6\Lab6\"
Modules: Selected: F:\FACULTATE\SEM 2\OOP\lablab6\Lab6\Debug\Lab6.exe Excluded: 
Sources: Selected: F:\FACULTATE\SEM 2\OOP\lablab6\Lab6\Lab6 Excluded: 
Log Level: Normal
Cover Children: 0
Aggregate by file: 1
Continue after C++ exception: 0
Optimized build support: 0
Export: Binary C:\Users\robu_\AppData\Local\Temp\tshycxps.eie 
Input coverage: 
Unified diff: 
Excluded line regular expressions: 

[2018-04-24 12:01:44] [info] Module: F:\FACULTATE\SEM 2\OOP\lablab6\Lab6\Debug\Lab6.exe is selected because it matches selected pattern: F:\FACULTATE\SEM 2\OOP\lablab6\Lab6\Debug\Lab6.exe
[2018-04-24 12:01:45] [info] Module: C:\Windows\SysWOW64\ntdll.dll is skipped because it matches no selected patterns
[2018-04-24 12:01:45] [info] Module: C:\Windows\SysWOW64\kernel32.dll is skipped because it matches no selected patterns
[2018-04-24 12:01:45] [info] Module: C:\Windows\SysWOW64\KernelBase.dll is skipped because it matches no selected patterns
[2018-04-24 12:01:45] [info] Module: C:\Windows\SysWOW64\msvcp140d.dll is skipped because it matches no selected patterns
[2018-04-24 12:01:45] [info] Module: C:\Windows\SysWOW64\vcruntime140d.dll is skipped because it matches no selected patterns
[2018-04-24 12:01:45] [info] Module: C:\Windows\SysWOW64\ucrtbased.dll is skipped because it matches no selected patterns
[2018-04-24 12:01:45] [info] Module: C:\Windows\SysWOW64\kernel.appcore.dll is skipped because it matches no selected patterns
[2018-04-24 12:01:45] [info] Module: C:\Windows\SysWOW64\msvcrt.dll is skipped because it matches no selected patterns
[2018-04-24 12:01:45] [info] Module: C:\Windows\SysWOW64\rpcrt4.dll is skipped because it matches no selected patterns
[2018-04-24 12:01:45] [info] Module: C:\Windows\SysWOW64\sspicli.dll is skipped because it matches no selected patterns
[2018-04-24 12:01:45] [info] Module: C:\Windows\SysWOW64\cryptbase.dll is skipped because it matches no selected patterns
[2018-04-24 12:01:45] [info] Module: C:\Windows\SysWOW64\bcryptprimitives.dll is skipped because it matches no selected patterns
[2018-04-24 12:01:45] [info] Module: C:\Windows\SysWOW64\sechost.dll is skipped because it matches no selected patterns
[2018-04-24 12:01:45] [info] ----------------------------------------------------
[2018-04-24 12:01:45] [info] Coverage binary generated in file: C:\Users\robu_\AppData\Local\Temp\tshycxps.eie
[2018-04-24 12:01:45] [info] ----------------------------------------------------
